Arguments: 
  /home/ashik/.nvm/versions/node/v12.6.0/bin/node /usr/bin/yarn add apollo-boost apollo-client apollo-link-http aws-sdk axios babel-polyfill bcryptjs cookie-parser cross-fetch crypto dotenv express express-graphql form-data graphql graphql-cli graphql-tag graphql-yoga jsonwebtoken nodemailer prisma prisma-client-lab randomcolor uuid

PATH: 
  /home/ashik/.nvm/versions/node/v12.6.0/bin:/home/ashik/.local/bin:/usr/local/bin:/usr/bin:/bin:/usr/local/sbin:/usr/lib/jvm/default/bin:/usr/bin/site_perl:/usr/bin/vendor_perl:/usr/bin/core_perl

Yarn version: 
  1.19.1

Node version: 
  12.6.0

Platform: 
  linux x64

Trace: 
  Error: https://registry.yarnpkg.com/prisma-client-lab: Not found
      at Request.params.callback [as _callback] (/usr/lib/node_modules/yarn/lib/cli.js:66926:18)
      at Request.self.callback (/usr/lib/node_modules/yarn/lib/cli.js:140564:22)
      at Request.emit (events.js:203:13)
      at Request.<anonymous> (/usr/lib/node_modules/yarn/lib/cli.js:141536:10)
      at Request.emit (events.js:203:13)
      at IncomingMessage.<anonymous> (/usr/lib/node_modules/yarn/lib/cli.js:141458:12)
      at Object.onceWrapper (events.js:291:20)
      at IncomingMessage.emit (events.js:208:15)
      at endReadableNT (_stream_readable.js:1154:12)
      at processTicksAndRejections (internal/process/task_queues.js:77:11)

npm manifest: 
  {
    "name": "server",
    "version": "1.0.0",
    "main": "index.js",
    "license": "MIT"
  }

yarn manifest: 
  No manifest

Lockfile: 
  # THIS IS AN AUTOGENERATED FILE. DO NOT EDIT THIS FILE DIRECTLY.
  # yarn lockfile v1
